<?xml version="1.0" encoding="UTF-8"?>
<!-- Generated by org.testng.reporters.JUnitReportReporter -->
<testsuite skipped="0" hostname="Admin" name="org.C_zentrix.org.C_zentrix.Test_czentrix" tests="10" failures="0" timestamp="23 Jul 2019 05:22:39 GMT" time="292.467" errors="0">
  <testcase name="license" time="2.533" classname="org.C_zentrix.org.C_zentrix.Test_czentrix"/>
  <testcase name="tdm" time="26.287" classname="org.C_zentrix.org.C_zentrix.Test_czentrix"/>
  <testcase name="GateWay" time="17.414" classname="org.C_zentrix.org.C_zentrix.Test_czentrix"/>
  <testcase name="sip" time="33.017" classname="org.C_zentrix.org.C_zentrix.Test_czentrix"/>
  <testcase name="campaignTest" time="72.117" classname="org.C_zentrix.org.C_zentrix.Test_czentrix"/>
  <testcase name="agentTest" time="44.058" classname="org.C_zentrix.org.C_zentrix.Test_czentrix"/>
  <testcase name="sip_Channel" time="16.462" classname="org.C_zentrix.org.C_zentrix.Test_czentrix"/>
  <testcase name="listForm" time="59.200" classname="org.C_zentrix.org.C_zentrix.Test_czentrix"/>
  <testcase name="uploadList" time="11.961" classname="org.C_zentrix.org.C_zentrix.Test_czentrix"/>
  <testcase name="applyConfiguration" time="9.418" classname="org.C_zentrix.org.C_zentrix.Test_czentrix"/>
</testsuite> <!-- org.C_zentrix.org.C_zentrix.Test_czentrix -->
